<?xml version="1.0" encoding="UTF-8"?>
<!-- Generated by org.testng.reporters.JUnitReportReporter -->
<testsuite skipped="0" hostname="Kepler" name="yalo.tests.LoginTest" tests="1" failures="0" timestamp="12 Feb 2020 20:06:39 GMT" time="0.413" errors="0">
  <testcase name="Login_ValidateUserAbleToLogin" time="0.413" classname="yalo.tests.LoginTest"/>
</testsuite> <!-- yalo.tests.LoginTest -->
